2023-07-04 08:53:44.828 [main] INFO  com.rs.mv.mvvs.Startup - [LSP:100101]ROCKET MV BASIC EXTENSION to start
2023-07-04 08:53:44.886 [main] INFO  com.rs.mv.mvvs.lsp.server.BasicLanguageServerLauncher - [LSP:100102]start pip server
2023-07-04 08:53:45.046 [main] INFO  com.rs.mv.mvvs.lsp.server.BasicLanguageServerLauncher - [LSP:100103]ROCKET MV BASIC EXTENSION start successful
2023-07-04 08:53:45.103 [pool-3-thread-1] INFO  com.rs.mv.mvvs.instance.workspace.WorkspaceManager - [workspace:200101]load all workspace folders start
2023-07-04 08:53:45.103 [pool-3-thread-1] INFO  com.rs.mv.mvvs.instance.workspace.WorkspaceManager - [workspace:20010201]root uri: file:///d%3A/JavaScript-Integrador/Parte%204
2023-07-04 08:53:45.104 [pool-3-thread-1] INFO  com.rs.mv.mvvs.instance.workspace.handler.FolderHandler - [workspace:200103]workspace contains workspace folder: file:///d%3A/JavaScript-Integrador/Parte%204
2023-07-04 08:53:45.121 [pool-3-thread-1] INFO  com.rs.mv.mvvs.instance.workspace.handler.FolderHandler - [workspace:200104]workspace folder will be cached: file:///d%3A/JavaScript-Integrador/Parte%204
2023-07-04 08:53:45.122 [pool-3-thread-1] INFO  com.rs.mv.mvvs.rmv.config.Config - [framework:30010101]config load start
2023-07-04 08:53:45.122 [pool-3-thread-1] INFO  com.rs.mv.mvvs.rmv.config.Config - [framework:30010102]project config path is : D:/JavaScript-Integrador/Parte 4/.rmv/config
2023-07-04 08:53:45.123 [pool-3-thread-1] INFO  com.rs.mv.mvvs.rmv.config.Config - [framework:30010103]resource config path is : /
2023-07-04 08:53:45.123 [pool-3-thread-1] INFO  com.rs.mv.mvvs.rmv.config.Config - [framework:30010104]user config path is : C:/Users/PC-1
2023-07-04 08:53:45.168 [pool-3-thread-1] INFO  com.rs.mv.mvvs.rmv.config.Config - [framework:30010105]config load end
2023-07-04 08:53:45.170 [pool-3-thread-1] INFO  com.rs.mv.mvvs.rmv.documentation.BasicDocumentation - [framework:30020101]documentation load start
2023-07-04 08:53:45.172 [pool-3-thread-1] INFO  com.rs.mv.mvvs.rmv.documentation.reader.SystemDocReader - [framework:30020102]system documentation path: /documentation/UNIVERSE/
2023-07-04 08:53:45.216 [pool-3-thread-1] INFO  com.rs.mv.mvvs.rmv.documentation.reader.ProjectDocReader - [framework:30020103]project documentation brief file: D:\JavaScript-Integrador\Parte 4\.rmv\documentation\UNIVERSE\custom.json
2023-07-04 08:53:45.235 [pool-3-thread-1] INFO  com.rs.mv.mvvs.rmv.documentation.reader.UserDocReader - [framework:30020104]user documentation brief file: C:\Users\PC-1\documentation\UNIVERSE\custom.json
2023-07-04 08:53:45.312 [pool-3-thread-1] INFO  com.rs.mv.mvvs.rmv.documentation.BasicDocumentation - [framework:30020105]documentation load end
2023-07-04 08:53:45.315 [pool-3-thread-1] INFO  com.rs.mv.mvvs.common.convertor.ConvertorManager - [framework:30030101]convertors for folder(D:/JavaScript-Integrador/Parte 4) load start
2023-07-04 08:53:45.320 [pool-3-thread-1] INFO  com.rs.mv.mvvs.common.convertor.ConvertorManager - [framework:30030102]comment convertor load finish
2023-07-04 08:53:45.464 [pool-3-thread-1] INFO  com.rs.mv.mvvs.common.convertor.ConvertorManager - [framework:30030103]keyword convertor load finish
2023-07-04 08:53:45.467 [pool-3-thread-1] INFO  com.rs.mv.mvvs.common.convertor.ConvertorManager - [framework:30030104]operator convertor load finish
2023-07-04 08:53:45.467 [pool-3-thread-1] INFO  com.rs.mv.mvvs.common.convertor.ConvertorManager - [framework:30030105]function name convertor load finish
2023-07-04 08:53:45.467 [pool-3-thread-1] INFO  com.rs.mv.mvvs.common.convertor.ConvertorManager - [framework:30030106]atVariable convertor load finish
2023-07-04 08:53:45.467 [pool-3-thread-1] INFO  com.rs.mv.mvvs.common.convertor.ConvertorManager - [framework:30030107]convertors for folder(D:/JavaScript-Integrador/Parte 4) load end
2023-07-04 08:53:45.482 [pool-3-thread-1] INFO  com.rs.mv.mvvs.rmv.config.CapabilityConfig - [framework:30010301]capabilities file(D:/JavaScript-Integrador/Parte 4/config/capability) doesn't exist or read error, default config will take effect
2023-07-04 08:53:45.483 [pool-3-thread-1] INFO  com.rs.mv.mvvs.instance.workspace.WorkspaceManager - [workspace:200105]load all workspace folders successful
2023-07-04 08:53:45.484 [pool-3-thread-1] INFO  com.rs.mv.mvvs.client.account.AccountManager - [client:40010101]load account manager start
2023-07-04 08:53:45.494 [pool-3-thread-1] INFO  com.rs.mv.mvvs.client.account.handler.CacheAccountHandler - [client:40010102]load cache account: 
2023-07-04 08:53:45.496 [pool-3-thread-1] INFO  com.rs.mv.mvvs.client.account.handler.ExternalAccountHandler - [client:40010103]load external account: 
2023-07-04 08:53:45.515 [pool-3-thread-1] INFO  com.rs.mv.mvvs.client.catalog.manager.U2CatalogManager - [client:400203]cache file auto update thread launch in Parte 4 account
2023-07-04 08:53:45.530 [pool-3-thread-1] INFO  com.rs.mv.mvvs.client.catalog.from.config.DirsConfigReader - [client:400206]parse dir config information
2023-07-04 08:53:45.533 [pool-3-thread-1] INFO  com.rs.mv.mvvs.client.catalog.from.config.MappingConfigReader - [client:400207]parse mapping config information
2023-07-04 08:53:45.535 [pool-3-thread-1] INFO  com.rs.mv.mvvs.client.catalog.manager.U2CatalogManager - [client:400202]start a schedule task to get global/local catalog for Parte 4, its period 5s 
2023-07-04 08:53:45.536 [pool-3-thread-1] INFO  com.rs.mv.mvvs.client.catalog.manager.U2CatalogManager - [client:400203]cache file auto update thread launch in assets account
2023-07-04 08:53:45.536 [pool-3-thread-1] INFO  com.rs.mv.mvvs.client.catalog.from.config.DirsConfigReader - [client:400206]parse dir config information
2023-07-04 08:53:45.537 [pool-3-thread-1] INFO  com.rs.mv.mvvs.client.catalog.from.config.MappingConfigReader - [client:400207]parse mapping config information
2023-07-04 08:53:45.537 [pool-3-thread-1] INFO  com.rs.mv.mvvs.client.catalog.manager.U2CatalogManager - [client:400202]start a schedule task to get global/local catalog for assets, its period 5s 
2023-07-04 08:53:45.540 [pool-3-thread-1] INFO  com.rs.mv.mvvs.client.account.handler.ServerAccountHandler - [client:40010104]load server account: Account{name=assets, path=D:/JavaScript-Integrador/Parte 4/assets, type=PREDICT}
Account{name=Parte 4, path=D:/JavaScript-Integrador/Parte 4, type=PREDICT}
2023-07-04 08:53:45.540 [pool-3-thread-1] INFO  com.rs.mv.mvvs.client.account.AccountManager - [client:40010105]load account manager finish
2023-07-04 08:53:45.541 [pool-3-thread-1] INFO  com.rs.mv.mvvs.instance.userspace.UserspaceManager - [framework:30010402]config file(C:\Users\PC-1/.rmv/config) watcher launch successful
2023-07-04 08:53:48.443 [pool-3-thread-1] INFO  com.rs.mv.mvvs.client.catalog.from.scan.CurrentPathScanner - [client:400205]scan file in current open file directory(D:/JavaScript-Integrador/Parte 4)
2023-07-04 08:53:58.516 [pool-3-thread-1] INFO  com.rs.mv.mvvs.client.catalog.from.scan.CurrentPathScanner - [client:400205]scan file in current open file directory(D:/JavaScript-Integrador/Parte 4/assets/pages)
2023-07-04 08:54:02.735 [pool-3-thread-1] INFO  com.rs.mv.mvvs.client.catalog.from.scan.CurrentPathScanner - [client:400205]scan file in current open file directory(D:/JavaScript-Integrador/Parte 4/assets/pages)
2023-07-04 08:54:07.534 [pool-3-thread-1] INFO  com.rs.mv.mvvs.client.catalog.from.scan.CurrentPathScanner - [client:400205]scan file in current open file directory(D:/JavaScript-Integrador/Parte 4/assets/pages)
2023-07-04 08:54:10.559 [pool-3-thread-1] INFO  com.rs.mv.mvvs.client.catalog.from.scan.CurrentPathScanner - [client:400205]scan file in current open file directory(D:/JavaScript-Integrador/Parte 4)
2023-07-04 08:54:46.492 [pool-3-thread-1] INFO  com.rs.mv.mvvs.client.catalog.from.scan.CurrentPathScanner - [client:400205]scan file in current open file directory(D:/JavaScript-Integrador/Parte 4/assets/pages)
2023-07-04 08:54:47.284 [pool-3-thread-1] INFO  com.rs.mv.mvvs.client.catalog.from.scan.CurrentPathScanner - [client:400205]scan file in current open file directory(D:/JavaScript-Integrador/Parte 4/assets/pages)
2023-07-04 08:54:51.579 [pool-3-thread-1] INFO  com.rs.mv.mvvs.client.catalog.from.scan.CurrentPathScanner - [client:400205]scan file in current open file directory(D:/JavaScript-Integrador/Parte 4/assets/js)
2023-07-04 08:54:52.517 [pool-3-thread-1] INFO  com.rs.mv.mvvs.client.catalog.from.scan.CurrentPathScanner - [client:400205]scan file in current open file directory(D:/JavaScript-Integrador/Parte 4/assets/pages)
2023-07-04 08:54:55.871 [pool-3-thread-1] INFO  com.rs.mv.mvvs.client.catalog.from.scan.CurrentPathScanner - [client:400205]scan file in current open file directory(D:/JavaScript-Integrador/Parte 4)
2023-07-04 08:55:03.970 [pool-3-thread-1] INFO  com.rs.mv.mvvs.client.catalog.from.scan.CurrentPathScanner - [client:400205]scan file in current open file directory(D:/JavaScript-Integrador/Parte 4/assets/pages)
2023-07-04 08:55:04.778 [pool-3-thread-1] INFO  com.rs.mv.mvvs.client.catalog.from.scan.CurrentPathScanner - [client:400205]scan file in current open file directory(D:/JavaScript-Integrador/Parte 4/assets/pages)
2023-07-04 08:55:05.778 [pool-3-thread-1] INFO  com.rs.mv.mvvs.client.catalog.from.scan.CurrentPathScanner - [client:400205]scan file in current open file directory(D:/JavaScript-Integrador/Parte 4/assets/pages)
2023-07-04 08:55:54.356 [pool-3-thread-1] INFO  com.rs.mv.mvvs.client.catalog.from.scan.CurrentPathScanner - [client:400205]scan file in current open file directory(D:/JavaScript-Integrador/Parte 4/assets/js)
2023-07-04 08:55:55.645 [pool-3-thread-1] INFO  com.rs.mv.mvvs.client.catalog.from.scan.CurrentPathScanner - [client:400205]scan file in current open file directory(D:/JavaScript-Integrador/Parte 4/assets/pages)
2023-07-04 08:56:01.650 [pool-3-thread-1] INFO  com.rs.mv.mvvs.client.catalog.from.scan.CurrentPathScanner - [client:400205]scan file in current open file directory(D:/JavaScript-Integrador/Parte 4/assets/js)
2023-07-04 08:56:02.652 [pool-3-thread-1] INFO  com.rs.mv.mvvs.client.catalog.from.scan.CurrentPathScanner - [client:400205]scan file in current open file directory(D:/JavaScript-Integrador/Parte 4)
2023-07-04 08:56:30.422 [pool-3-thread-1] INFO  com.rs.mv.mvvs.client.catalog.from.scan.CurrentPathScanner - [client:400205]scan file in current open file directory(D:/JavaScript-Integrador/Parte 4/assets/pages)
2023-07-04 08:56:40.530 [pool-3-thread-1] INFO  com.rs.mv.mvvs.client.catalog.from.scan.CurrentPathScanner - [client:400205]scan file in current open file directory(D:/JavaScript-Integrador/Parte 4/assets/js)
2023-07-04 09:03:38.209 [main] WARN  com.rs.mv.mvvs.Startup - [LSP:100104]ROCKET MV BASIC EXTENSION exited
2023-07-04 11:04:56.511 [main] INFO  com.rs.mv.mvvs.Startup - [LSP:100101]ROCKET MV BASIC EXTENSION to start
2023-07-04 11:04:56.541 [main] INFO  com.rs.mv.mvvs.lsp.server.BasicLanguageServerLauncher - [LSP:100102]start pip server
2023-07-04 11:04:56.630 [main] INFO  com.rs.mv.mvvs.lsp.server.BasicLanguageServerLauncher - [LSP:100103]ROCKET MV BASIC EXTENSION start successful
2023-07-04 11:04:56.698 [pool-3-thread-1] INFO  com.rs.mv.mvvs.instance.workspace.WorkspaceManager - [workspace:200101]load all workspace folders start
2023-07-04 11:04:56.699 [pool-3-thread-1] INFO  com.rs.mv.mvvs.instance.workspace.WorkspaceManager - [workspace:20010201]root uri: file:///d%3A/JavaScript-Integrador/Parte%204
2023-07-04 11:04:56.699 [pool-3-thread-1] INFO  com.rs.mv.mvvs.instance.workspace.handler.FolderHandler - [workspace:200103]workspace contains workspace folder: file:///d%3A/JavaScript-Integrador/Parte%204
2023-07-04 11:04:56.714 [pool-3-thread-1] INFO  com.rs.mv.mvvs.instance.workspace.handler.FolderHandler - [workspace:200104]workspace folder will be cached: file:///d%3A/JavaScript-Integrador/Parte%204
2023-07-04 11:04:56.715 [pool-3-thread-1] INFO  com.rs.mv.mvvs.rmv.config.Config - [framework:30010101]config load start
2023-07-04 11:04:56.715 [pool-3-thread-1] INFO  com.rs.mv.mvvs.rmv.config.Config - [framework:30010102]project config path is : D:/JavaScript-Integrador/Parte 4/.rmv/config
2023-07-04 11:04:56.716 [pool-3-thread-1] INFO  com.rs.mv.mvvs.rmv.config.Config - [framework:30010103]resource config path is : /
2023-07-04 11:04:56.716 [pool-3-thread-1] INFO  com.rs.mv.mvvs.rmv.config.Config - [framework:30010104]user config path is : C:/Users/PC-1
2023-07-04 11:04:56.729 [pool-3-thread-1] INFO  com.rs.mv.mvvs.rmv.config.Config - [framework:30010105]config load end
2023-07-04 11:04:56.731 [pool-3-thread-1] INFO  com.rs.mv.mvvs.rmv.documentation.BasicDocumentation - [framework:30020101]documentation load start
2023-07-04 11:04:56.732 [pool-3-thread-1] INFO  com.rs.mv.mvvs.rmv.documentation.reader.SystemDocReader - [framework:30020102]system documentation path: /documentation/UNIVERSE/
2023-07-04 11:04:56.735 [pool-3-thread-1] INFO  com.rs.mv.mvvs.rmv.documentation.reader.ProjectDocReader - [framework:30020103]project documentation brief file: D:\JavaScript-Integrador\Parte 4\.rmv\documentation\UNIVERSE\custom.json
2023-07-04 11:04:56.736 [pool-3-thread-1] INFO  com.rs.mv.mvvs.rmv.documentation.reader.UserDocReader - [framework:30020104]user documentation brief file: C:\Users\PC-1\documentation\UNIVERSE\custom.json
2023-07-04 11:04:56.801 [pool-3-thread-1] INFO  com.rs.mv.mvvs.rmv.documentation.BasicDocumentation - [framework:30020105]documentation load end
2023-07-04 11:04:56.806 [pool-3-thread-1] INFO  com.rs.mv.mvvs.common.convertor.ConvertorManager - [framework:30030101]convertors for folder(D:/JavaScript-Integrador/Parte 4) load start
2023-07-04 11:04:56.810 [pool-3-thread-1] INFO  com.rs.mv.mvvs.common.convertor.ConvertorManager - [framework:30030102]comment convertor load finish
2023-07-04 11:04:56.899 [pool-3-thread-1] INFO  com.rs.mv.mvvs.common.convertor.ConvertorManager - [framework:30030103]keyword convertor load finish
2023-07-04 11:04:56.902 [pool-3-thread-1] INFO  com.rs.mv.mvvs.common.convertor.ConvertorManager - [framework:30030104]operator convertor load finish
2023-07-04 11:04:56.902 [pool-3-thread-1] INFO  com.rs.mv.mvvs.common.convertor.ConvertorManager - [framework:30030105]function name convertor load finish
2023-07-04 11:04:56.903 [pool-3-thread-1] INFO  com.rs.mv.mvvs.common.convertor.ConvertorManager - [framework:30030106]atVariable convertor load finish
2023-07-04 11:04:56.903 [pool-3-thread-1] INFO  com.rs.mv.mvvs.common.convertor.ConvertorManager - [framework:30030107]convertors for folder(D:/JavaScript-Integrador/Parte 4) load end
2023-07-04 11:04:56.904 [pool-3-thread-1] INFO  com.rs.mv.mvvs.rmv.config.CapabilityConfig - [framework:30010301]capabilities file(D:/JavaScript-Integrador/Parte 4/config/capability) doesn't exist or read error, default config will take effect
2023-07-04 11:04:56.904 [pool-3-thread-1] INFO  com.rs.mv.mvvs.instance.workspace.WorkspaceManager - [workspace:200105]load all workspace folders successful
2023-07-04 11:04:56.906 [pool-3-thread-1] INFO  com.rs.mv.mvvs.client.account.AccountManager - [client:40010101]load account manager start
2023-07-04 11:04:56.915 [pool-3-thread-1] INFO  com.rs.mv.mvvs.client.account.handler.CacheAccountHandler - [client:40010102]load cache account: 
2023-07-04 11:04:56.918 [pool-3-thread-1] INFO  com.rs.mv.mvvs.client.account.handler.ExternalAccountHandler - [client:40010103]load external account: 
2023-07-04 11:04:56.935 [pool-3-thread-1] INFO  com.rs.mv.mvvs.client.catalog.manager.U2CatalogManager - [client:400203]cache file auto update thread launch in Parte 4 account
2023-07-04 11:04:56.940 [pool-3-thread-1] INFO  com.rs.mv.mvvs.client.catalog.from.config.DirsConfigReader - [client:400206]parse dir config information
2023-07-04 11:04:56.943 [pool-3-thread-1] INFO  com.rs.mv.mvvs.client.catalog.from.config.MappingConfigReader - [client:400207]parse mapping config information
2023-07-04 11:04:56.944 [pool-3-thread-1] INFO  com.rs.mv.mvvs.client.catalog.manager.U2CatalogManager - [client:400202]start a schedule task to get global/local catalog for Parte 4, its period 5s 
2023-07-04 11:04:56.945 [pool-3-thread-1] INFO  com.rs.mv.mvvs.client.catalog.manager.U2CatalogManager - [client:400203]cache file auto update thread launch in assets account
2023-07-04 11:04:56.945 [pool-3-thread-1] INFO  com.rs.mv.mvvs.client.catalog.from.config.DirsConfigReader - [client:400206]parse dir config information
2023-07-04 11:04:56.946 [pool-3-thread-1] INFO  com.rs.mv.mvvs.client.catalog.from.config.MappingConfigReader - [client:400207]parse mapping config information
2023-07-04 11:04:56.946 [pool-3-thread-1] INFO  com.rs.mv.mvvs.client.catalog.manager.U2CatalogManager - [client:400202]start a schedule task to get global/local catalog for assets, its period 5s 
2023-07-04 11:04:56.949 [pool-3-thread-1] INFO  com.rs.mv.mvvs.client.account.handler.ServerAccountHandler - [client:40010104]load server account: Account{name=assets, path=D:/JavaScript-Integrador/Parte 4/assets, type=PREDICT}
Account{name=Parte 4, path=D:/JavaScript-Integrador/Parte 4, type=PREDICT}
2023-07-04 11:04:56.949 [pool-3-thread-1] INFO  com.rs.mv.mvvs.client.account.AccountManager - [client:40010105]load account manager finish
2023-07-04 11:04:56.950 [pool-3-thread-1] INFO  com.rs.mv.mvvs.instance.userspace.UserspaceManager - [framework:30010402]config file(C:\Users\PC-1/.rmv/config) watcher launch successful
2023-07-04 11:08:38.046 [pool-3-thread-1] INFO  com.rs.mv.mvvs.client.catalog.from.scan.CurrentPathScanner - [client:400205]scan file in current open file directory(D:/JavaScript-Integrador/Parte 4)
2023-07-04 11:22:41.384 [main] WARN  com.rs.mv.mvvs.Startup - [LSP:100104]ROCKET MV BASIC EXTENSION exited
2023-07-04 11:42:02.268 [main] INFO  com.rs.mv.mvvs.Startup - [LSP:100101]ROCKET MV BASIC EXTENSION to start
2023-07-04 11:42:02.287 [main] INFO  com.rs.mv.mvvs.lsp.server.BasicLanguageServerLauncher - [LSP:100102]start pip server
2023-07-04 11:42:02.372 [main] INFO  com.rs.mv.mvvs.lsp.server.BasicLanguageServerLauncher - [LSP:100103]ROCKET MV BASIC EXTENSION start successful
2023-07-04 11:42:02.430 [pool-3-thread-1] INFO  com.rs.mv.mvvs.instance.workspace.WorkspaceManager - [workspace:200101]load all workspace folders start
2023-07-04 11:42:02.431 [pool-3-thread-1] INFO  com.rs.mv.mvvs.instance.workspace.WorkspaceManager - [workspace:20010201]root uri: file:///d%3A/JavaScript-Integrador/Parte%204
2023-07-04 11:42:02.432 [pool-3-thread-1] INFO  com.rs.mv.mvvs.instance.workspace.handler.FolderHandler - [workspace:200103]workspace contains workspace folder: file:///d%3A/JavaScript-Integrador/Parte%204
2023-07-04 11:42:02.447 [pool-3-thread-1] INFO  com.rs.mv.mvvs.instance.workspace.handler.FolderHandler - [workspace:200104]workspace folder will be cached: file:///d%3A/JavaScript-Integrador/Parte%204
2023-07-04 11:42:02.448 [pool-3-thread-1] INFO  com.rs.mv.mvvs.rmv.config.Config - [framework:30010101]config load start
2023-07-04 11:42:02.448 [pool-3-thread-1] INFO  com.rs.mv.mvvs.rmv.config.Config - [framework:30010102]project config path is : D:/JavaScript-Integrador/Parte 4/.rmv/config
2023-07-04 11:42:02.449 [pool-3-thread-1] INFO  com.rs.mv.mvvs.rmv.config.Config - [framework:30010103]resource config path is : /
2023-07-04 11:42:02.449 [pool-3-thread-1] INFO  com.rs.mv.mvvs.rmv.config.Config - [framework:30010104]user config path is : C:/Users/PC-1
2023-07-04 11:42:02.459 [pool-3-thread-1] INFO  com.rs.mv.mvvs.rmv.config.Config - [framework:30010105]config load end
2023-07-04 11:42:02.461 [pool-3-thread-1] INFO  com.rs.mv.mvvs.rmv.documentation.BasicDocumentation - [framework:30020101]documentation load start
2023-07-04 11:42:02.462 [pool-3-thread-1] INFO  com.rs.mv.mvvs.rmv.documentation.reader.SystemDocReader - [framework:30020102]system documentation path: /documentation/UNIVERSE/
2023-07-04 11:42:02.465 [pool-3-thread-1] INFO  com.rs.mv.mvvs.rmv.documentation.reader.ProjectDocReader - [framework:30020103]project documentation brief file: D:\JavaScript-Integrador\Parte 4\.rmv\documentation\UNIVERSE\custom.json
2023-07-04 11:42:02.465 [pool-3-thread-1] INFO  com.rs.mv.mvvs.rmv.documentation.reader.UserDocReader - [framework:30020104]user documentation brief file: C:\Users\PC-1\documentation\UNIVERSE\custom.json
2023-07-04 11:42:02.528 [pool-3-thread-1] INFO  com.rs.mv.mvvs.rmv.documentation.BasicDocumentation - [framework:30020105]documentation load end
2023-07-04 11:42:02.532 [pool-3-thread-1] INFO  com.rs.mv.mvvs.common.convertor.ConvertorManager - [framework:30030101]convertors for folder(D:/JavaScript-Integrador/Parte 4) load start
2023-07-04 11:42:02.536 [pool-3-thread-1] INFO  com.rs.mv.mvvs.common.convertor.ConvertorManager - [framework:30030102]comment convertor load finish
2023-07-04 11:42:02.629 [pool-3-thread-1] INFO  com.rs.mv.mvvs.common.convertor.ConvertorManager - [framework:30030103]keyword convertor load finish
2023-07-04 11:42:02.633 [pool-3-thread-1] INFO  com.rs.mv.mvvs.common.convertor.ConvertorManager - [framework:30030104]operator convertor load finish
2023-07-04 11:42:02.635 [pool-3-thread-1] INFO  com.rs.mv.mvvs.common.convertor.ConvertorManager - [framework:30030105]function name convertor load finish
2023-07-04 11:42:02.636 [pool-3-thread-1] INFO  com.rs.mv.mvvs.common.convertor.ConvertorManager - [framework:30030106]atVariable convertor load finish
2023-07-04 11:42:02.636 [pool-3-thread-1] INFO  com.rs.mv.mvvs.common.convertor.ConvertorManager - [framework:30030107]convertors for folder(D:/JavaScript-Integrador/Parte 4) load end
2023-07-04 11:42:02.639 [pool-3-thread-1] INFO  com.rs.mv.mvvs.rmv.config.CapabilityConfig - [framework:30010301]capabilities file(D:/JavaScript-Integrador/Parte 4/config/capability) doesn't exist or read error, default config will take effect
2023-07-04 11:42:02.640 [pool-3-thread-1] INFO  com.rs.mv.mvvs.instance.workspace.WorkspaceManager - [workspace:200105]load all workspace folders successful
2023-07-04 11:42:02.642 [pool-3-thread-1] INFO  com.rs.mv.mvvs.client.account.AccountManager - [client:40010101]load account manager start
2023-07-04 11:42:02.653 [pool-3-thread-1] INFO  com.rs.mv.mvvs.client.account.handler.CacheAccountHandler - [client:40010102]load cache account: 
2023-07-04 11:42:02.657 [pool-3-thread-1] INFO  com.rs.mv.mvvs.client.account.handler.ExternalAccountHandler - [client:40010103]load external account: 
2023-07-04 11:42:02.762 [pool-3-thread-1] INFO  com.rs.mv.mvvs.client.catalog.manager.U2CatalogManager - [client:400203]cache file auto update thread launch in Parte 4 account
2023-07-04 11:42:02.800 [pool-3-thread-1] INFO  com.rs.mv.mvvs.client.catalog.from.config.DirsConfigReader - [client:400206]parse dir config information
2023-07-04 11:42:02.809 [pool-3-thread-1] INFO  com.rs.mv.mvvs.client.catalog.from.config.MappingConfigReader - [client:400207]parse mapping config information
2023-07-04 11:42:02.810 [pool-3-thread-1] INFO  com.rs.mv.mvvs.client.catalog.manager.U2CatalogManager - [client:400202]start a schedule task to get global/local catalog for Parte 4, its period 5s 
2023-07-04 11:42:02.812 [pool-3-thread-1] INFO  com.rs.mv.mvvs.client.catalog.manager.U2CatalogManager - [client:400203]cache file auto update thread launch in assets account
2023-07-04 11:42:02.813 [pool-3-thread-1] INFO  com.rs.mv.mvvs.client.catalog.from.config.DirsConfigReader - [client:400206]parse dir config information
2023-07-04 11:42:02.814 [pool-3-thread-1] INFO  com.rs.mv.mvvs.client.catalog.from.config.MappingConfigReader - [client:400207]parse mapping config information
2023-07-04 11:42:02.828 [pool-3-thread-1] INFO  com.rs.mv.mvvs.client.catalog.manager.U2CatalogManager - [client:400202]start a schedule task to get global/local catalog for assets, its period 5s 
2023-07-04 11:42:02.835 [pool-3-thread-1] INFO  com.rs.mv.mvvs.client.account.handler.ServerAccountHandler - [client:40010104]load server account: Account{name=assets, path=D:/JavaScript-Integrador/Parte 4/assets, type=PREDICT}
Account{name=Parte 4, path=D:/JavaScript-Integrador/Parte 4, type=PREDICT}
2023-07-04 11:42:02.836 [pool-3-thread-1] INFO  com.rs.mv.mvvs.client.account.AccountManager - [client:40010105]load account manager finish
2023-07-04 11:42:02.838 [pool-3-thread-1] INFO  com.rs.mv.mvvs.instance.userspace.UserspaceManager - [framework:30010402]config file(C:\Users\PC-1/.rmv/config) watcher launch successful
2023-07-04 11:46:05.028 [pool-3-thread-1] INFO  com.rs.mv.mvvs.client.catalog.from.scan.CurrentPathScanner - [client:400205]scan file in current open file directory(D:/JavaScript-Integrador/Parte 4/assets/pages)
2023-07-04 11:46:26.483 [pool-3-thread-1] INFO  com.rs.mv.mvvs.client.catalog.from.scan.CurrentPathScanner - [client:400205]scan file in current open file directory(D:/JavaScript-Integrador/Parte 4/assets/js)
2023-07-04 11:46:27.659 [pool-3-thread-1] INFO  com.rs.mv.mvvs.client.catalog.from.scan.CurrentPathScanner - [client:400205]scan file in current open file directory(D:/JavaScript-Integrador/Parte 4)
2023-07-04 11:46:52.932 [pool-3-thread-1] INFO  com.rs.mv.mvvs.client.catalog.from.scan.CurrentPathScanner - [client:400205]scan file in current open file directory(D:/JavaScript-Integrador/Parte 4/assets/pages)
2023-07-04 11:54:54.816 [pool-3-thread-1] INFO  com.rs.mv.mvvs.client.catalog.from.scan.CurrentPathScanner - [client:400205]scan file in current open file directory(D:/JavaScript-Integrador/Parte 4)
2023-07-04 11:54:55.413 [pool-3-thread-1] INFO  com.rs.mv.mvvs.client.catalog.from.scan.CurrentPathScanner - [client:400205]scan file in current open file directory(D:/JavaScript-Integrador/Parte 4/assets/pages)
2023-07-04 11:55:05.255 [pool-3-thread-1] INFO  com.rs.mv.mvvs.client.catalog.from.scan.CurrentPathScanner - [client:400205]scan file in current open file directory(D:/JavaScript-Integrador/Parte 4)
2023-07-04 11:55:10.026 [pool-3-thread-1] INFO  com.rs.mv.mvvs.client.catalog.from.scan.CurrentPathScanner - [client:400205]scan file in current open file directory(D:/JavaScript-Integrador/Parte 4/assets/pages)
2023-07-04 11:55:17.392 [pool-3-thread-1] INFO  com.rs.mv.mvvs.client.catalog.from.scan.CurrentPathScanner - [client:400205]scan file in current open file directory(D:/JavaScript-Integrador/Parte 4/assets/pages)
2023-07-04 11:55:18.986 [pool-3-thread-1] INFO  com.rs.mv.mvvs.client.catalog.from.scan.CurrentPathScanner - [client:400205]scan file in current open file directory(D:/JavaScript-Integrador/Parte 4)
2023-07-04 11:55:38.845 [pool-3-thread-1] INFO  com.rs.mv.mvvs.client.catalog.from.scan.CurrentPathScanner - [client:400205]scan file in current open file directory(D:/JavaScript-Integrador/Parte 4/assets/js)
2023-07-04 12:00:30.134 [pool-3-thread-1] INFO  com.rs.mv.mvvs.client.catalog.from.scan.CurrentPathScanner - [client:400205]scan file in current open file directory(D:/JavaScript-Integrador/Parte 4)
2023-07-04 12:00:59.178 [pool-3-thread-1] INFO  com.rs.mv.mvvs.client.catalog.from.scan.CurrentPathScanner - [client:400205]scan file in current open file directory(D:/JavaScript-Integrador/Parte 4/assets/pages)
2023-07-04 12:01:41.814 [pool-3-thread-1] INFO  com.rs.mv.mvvs.client.catalog.from.scan.CurrentPathScanner - [client:400205]scan file in current open file directory(D:/JavaScript-Integrador/Parte 4)
2023-07-04 12:01:42.328 [pool-3-thread-1] INFO  com.rs.mv.mvvs.client.catalog.from.scan.CurrentPathScanner - [client:400205]scan file in current open file directory(D:/JavaScript-Integrador/Parte 4/assets/pages)
2023-07-04 12:02:27.263 [pool-3-thread-1] INFO  com.rs.mv.mvvs.client.catalog.from.scan.CurrentPathScanner - [client:400205]scan file in current open file directory(D:/JavaScript-Integrador/Parte 4/assets/pages)
2023-07-04 12:02:33.915 [pool-3-thread-1] INFO  com.rs.mv.mvvs.client.catalog.from.scan.CurrentPathScanner - [client:400205]scan file in current open file directory(D:/JavaScript-Integrador/Parte 4)
2023-07-04 12:06:12.397 [pool-3-thread-1] INFO  com.rs.mv.mvvs.client.catalog.from.scan.CurrentPathScanner - [client:400205]scan file in current open file directory(D:/JavaScript-Integrador/Parte 4/assets/css)
2023-07-04 12:06:56.451 [pool-3-thread-1] INFO  com.rs.mv.mvvs.client.catalog.from.scan.CurrentPathScanner - [client:400205]scan file in current open file directory(D:/JavaScript-Integrador/Parte 4/assets/js)
2023-07-04 12:09:04.571 [pool-3-thread-1] INFO  com.rs.mv.mvvs.client.catalog.from.scan.CurrentPathScanner - [client:400205]scan file in current open file directory(D:/JavaScript-Integrador/Parte 4/assets/css)
2023-07-04 12:09:06.912 [pool-3-thread-1] INFO  com.rs.mv.mvvs.client.catalog.from.scan.CurrentPathScanner - [client:400205]scan file in current open file directory(D:/JavaScript-Integrador/Parte 4/assets/js)
2023-07-04 12:09:07.717 [pool-3-thread-1] INFO  com.rs.mv.mvvs.client.catalog.from.scan.CurrentPathScanner - [client:400205]scan file in current open file directory(D:/JavaScript-Integrador/Parte 4/assets/pages)
2023-07-04 12:09:10.113 [pool-3-thread-1] INFO  com.rs.mv.mvvs.client.catalog.from.scan.CurrentPathScanner - [client:400205]scan file in current open file directory(D:/JavaScript-Integrador/Parte 4/assets/pages)
2023-07-04 12:11:37.258 [pool-3-thread-1] INFO  com.rs.mv.mvvs.client.catalog.from.scan.CurrentPathScanner - [client:400205]scan file in current open file directory(D:/JavaScript-Integrador/Parte 4/assets/pages)
2023-07-04 12:11:45.421 [pool-3-thread-1] INFO  com.rs.mv.mvvs.client.catalog.from.scan.CurrentPathScanner - [client:400205]scan file in current open file directory(D:/JavaScript-Integrador/Parte 4/assets/css)
2023-07-04 12:12:11.144 [pool-3-thread-1] INFO  com.rs.mv.mvvs.client.catalog.from.scan.CurrentPathScanner - [client:400205]scan file in current open file directory(D:/JavaScript-Integrador/Parte 4/assets/js)
2023-07-04 12:12:12.442 [pool-3-thread-1] INFO  com.rs.mv.mvvs.client.catalog.from.scan.CurrentPathScanner - [client:400205]scan file in current open file directory(D:/JavaScript-Integrador/Parte 4/assets/pages)
2023-07-04 12:12:18.060 [pool-3-thread-1] INFO  com.rs.mv.mvvs.client.catalog.from.scan.CurrentPathScanner - [client:400205]scan file in current open file directory(D:/JavaScript-Integrador/Parte 4/assets/css)
2023-07-04 12:12:20.883 [pool-3-thread-1] INFO  com.rs.mv.mvvs.client.catalog.from.scan.CurrentPathScanner - [client:400205]scan file in current open file directory(D:/JavaScript-Integrador/Parte 4/assets/js)
2023-07-04 12:12:21.812 [pool-3-thread-1] INFO  com.rs.mv.mvvs.client.catalog.from.scan.CurrentPathScanner - [client:400205]scan file in current open file directory(D:/JavaScript-Integrador/Parte 4/assets/pages)
2023-07-04 12:12:22.632 [pool-3-thread-1] INFO  com.rs.mv.mvvs.client.catalog.from.scan.CurrentPathScanner - [client:400205]scan file in current open file directory(D:/JavaScript-Integrador/Parte 4/assets/pages)
2023-07-04 12:14:28.587 [pool-3-thread-1] INFO  com.rs.mv.mvvs.client.catalog.from.scan.CurrentPathScanner - [client:400205]scan file in current open file directory(D:/JavaScript-Integrador/Parte 4/assets/js)
2023-07-04 12:14:32.053 [pool-3-thread-1] INFO  com.rs.mv.mvvs.client.catalog.from.scan.CurrentPathScanner - [client:400205]scan file in current open file directory(D:/JavaScript-Integrador/Parte 4/assets/js)
2023-07-04 12:24:08.365 [pool-3-thread-1] INFO  com.rs.mv.mvvs.client.catalog.from.scan.CurrentPathScanner - [client:400205]scan file in current open file directory(D:/JavaScript-Integrador/Parte 4)
2023-07-04 12:24:25.659 [pool-3-thread-1] INFO  com.rs.mv.mvvs.client.catalog.from.scan.CurrentPathScanner - [client:400205]scan file in current open file directory(D:/JavaScript-Integrador/Parte 4/assets/js)
2023-07-04 12:32:08.165 [main] WARN  com.rs.mv.mvvs.Startup - [LSP:100104]ROCKET MV BASIC EXTENSION exited
